<?xml version="1.0" encoding="UTF-8"?>
<!-- Generated by org.testng.reporters.JUnitReportReporter -->
<testsuite hostname="DESKTOP-KMOGL3M" failures="0" tests="6" name="utility.NetworkServicesPageTests" time="47.005" errors="0" timestamp="2025-01-24T15:59:44 IST" skipped="1">
  <testcase classname="utility.NetworkServicesPageTests" name="CertAndLogin" time="3.170"/>
  <testcase classname="utility.NetworkServicesPageTests" name="GetVMNamesIpAndStatusFromResourcePage" time="14.280"/>
  <testcase classname="utility.NetworkServicesPageTests" name="TestUtilityOption" time="0.217"/>
  <testcase classname="utility.NetworkServicesPageTests" name="TestNetworkServicesOption" time="1.520"/>
  <testcase classname="utility.NetworkServicesPageTests" name="TestPublicIpAddRequest" time="27.818"/>
  <testcase classname="utility.NetworkServicesPageTests" name="TestNetworkServicesOptions">
    <skipped/>
  </testcase> <!-- TestNetworkServicesOptions -->
</testsuite> <!-- utility.NetworkServicesPageTests -->
