<?xml version="1.0" encoding="UTF-8"?>
<!-- Generated by org.testng.reporters.JUnitReportReporter -->
<testsuite hostname="DESKTOP-KMOGL3M" failures="0" tests="1" name="setUpAndTearDown.SetAndDown" time="3.006" errors="0" timestamp="2024-12-06T15:18:00 IST" skipped="0">
  <testcase classname="setUpAndTearDown.SetAndDown" name="TestOpenLoginPage" time="3.006"/>
</testsuite> <!-- setUpAndTearDown.SetAndDown -->
