<?xml version="1.0" encoding="UTF-8"?>
<!-- Generated by org.testng.reporters.JUnitReportReporter -->
<testsuite hostname="DESKTOP-KMOGL3M" failures="0" tests="1" name="Login.LoginPageTests" time="21.986" errors="0" timestamp="2025-01-15T15:15:03 IST" skipped="0">
  <testcase classname="Login.LoginPageTests" name="TestLoginWithvalidCredentialsUsingRightCaptcha" time="21.986"/>
</testsuite> <!-- Login.LoginPageTests -->
