<?xml version="1.0" encoding="UTF-8"?>
<!-- Generated by org.testng.reporters.JUnitReportReporter -->
<testsuite hostname="DESKTOP-KMOGL3M" failures="1" tests="14" name="create.CreatePageTests" time="11.211" errors="0" timestamp="2024-12-02T18:55:06 IST" skipped="13">
  <testcase classname="create.CreatePageTests" name="CertAndLogin" time="11.211">
    <failure message="expected [Services] but found [IPM+ Cloud | Log In]" type="java.lang.AssertionError">
      <![CDATA[java.lang.AssertionError: expected [Services] but found [IPM+ Cloud | Log In]
at org.testng.Assert.fail(Assert.java:111)
at org.testng.Assert.failNotEquals(Assert.java:1578)
at org.testng.Assert.assertEqualsImpl(Assert.java:150)
at org.testng.Assert.assertEquals(Assert.java:132)
at org.testng.Assert.assertEquals(Assert.java:656)
at org.testng.Assert.assertEquals(Assert.java:666)
at Login.LoginPageTests.TestLoginWithValidCredentails(LoginPageTests.java:66)
at create.CreatePageTests.CertAndLogin(CreatePageTests.java:31)
at java.base/jdk.internal.reflect.NativeMethodAccessorImpl.invoke0(Native Method)
at java.base/jdk.internal.reflect.NativeMethodAccessorImpl.invoke(NativeMethodAccessorImpl.java:77)
at java.base/jdk.internal.reflect.DelegatingMethodAccessorImpl.invoke(DelegatingMethodAccessorImpl.java:43)
at java.base/java.lang.reflect.Method.invoke(Method.java:569)
at org.testng.internal.invokers.MethodInvocationHelper.invokeMethod(MethodInvocationHelper.java:141)
at org.testng.internal.invokers.TestInvoker.invokeMethod(TestInvoker.java:686)
at org.testng.internal.invokers.TestInvoker.invokeTestMethod(TestInvoker.java:230)
at org.testng.internal.invokers.MethodRunner.runInSequence(MethodRunner.java:63)
at org.testng.internal.invokers.TestInvoker$MethodInvocationAgent.invoke(TestInvoker.java:992)
at org.testng.internal.invokers.TestInvoker.invokeTestMethods(TestInvoker.java:203)
at org.testng.internal.invokers.TestMethodWorker.invokeTestMethods(TestMethodWorker.java:154)
at org.testng.internal.invokers.TestMethodWorker.run(TestMethodWorker.java:134)
at java.base/java.util.ArrayList.forEach(ArrayList.java:1511)
at org.testng.TestRunner.privateRun(TestRunner.java:739)
at org.testng.TestRunner.run(TestRunner.java:614)
at org.testng.SuiteRunner.runTest(SuiteRunner.java:421)
at org.testng.SuiteRunner.runSequentially(SuiteRunner.java:413)
at org.testng.SuiteRunner.privateRun(SuiteRunner.java:373)
at org.testng.SuiteRunner.run(SuiteRunner.java:312)
at org.testng.SuiteRunnerWorker.runSuite(SuiteRunnerWorker.java:52)
at org.testng.SuiteRunnerWorker.run(SuiteRunnerWorker.java:95)
at org.testng.TestNG.runSuitesSequentially(TestNG.java:1274)
at org.testng.TestNG.runSuitesLocally(TestNG.java:1208)
at org.testng.TestNG.runSuites(TestNG.java:1112)
at org.testng.TestNG.run(TestNG.java:1079)
at org.testng.remote.AbstractRemoteTestNG.run(AbstractRemoteTestNG.java:115)
at org.testng.remote.RemoteTestNG.initAndRun(RemoteTestNG.java:293)
at org.testng.remote.RemoteTestNG.main(RemoteTestNG.java:91)
]]>
    </failure>
  </testcase> <!-- CertAndLogin -->
  <testcase classname="create.CreatePageTests" name="ClickOnCreateReource" time="0.000">
    <skipped/>
  </testcase> <!-- ClickOnCreateReource -->
  <testcase classname="create.CreatePageTests" name="TestLocationDropdown" time="0.000">
    <skipped/>
  </testcase> <!-- TestLocationDropdown -->
  <testcase classname="create.CreatePageTests" name="TestProjectNameDropdown" time="0.000">
    <skipped/>
  </testcase> <!-- TestProjectNameDropdown -->
  <testcase classname="create.CreatePageTests" name="TestStoragePathDropdown" time="0.000">
    <skipped/>
  </testcase> <!-- TestStoragePathDropdown -->
  <testcase classname="create.CreatePageTests" name="TestOSDropdown" time="0.000">
    <skipped/>
  </testcase> <!-- TestOSDropdown -->
  <testcase classname="create.CreatePageTests" name="TestIOPSDropdown" time="0.000">
    <skipped/>
  </testcase> <!-- TestIOPSDropdown -->
  <testcase classname="create.CreatePageTests" name="TestVerticalSwitchOn" time="0.000">
    <skipped/>
  </testcase> <!-- TestVerticalSwitchOn -->
  <testcase classname="create.CreatePageTests" name="TestLowerThreshold" time="0.000">
    <skipped/>
  </testcase> <!-- TestLowerThreshold -->
  <testcase classname="create.CreatePageTests" name="TestUpperThreshold" time="0.000">
    <skipped/>
  </testcase> <!-- TestUpperThreshold -->
  <testcase classname="create.CreatePageTests" name="TestmaxVcpuOfVerticalScaling" time="0.000">
    <skipped/>
  </testcase> <!-- TestmaxVcpuOfVerticalScaling -->
  <testcase classname="create.CreatePageTests" name="TestMinVcpuOfVerticalScaling" time="0.000">
    <skipped/>
  </testcase> <!-- TestMinVcpuOfVerticalScaling -->
  <testcase classname="create.CreatePageTests" name="TestmaxRAMOfVerticalScaling" time="0.000">
    <skipped/>
  </testcase> <!-- TestmaxRAMOfVerticalScaling -->
  <testcase classname="create.CreatePageTests" name="TestMinRAMOfVerticalScaling" time="0.000">
    <skipped/>
  </testcase> <!-- TestMinRAMOfVerticalScaling -->
</testsuite> <!-- create.CreatePageTests -->
