<?xml version="1.0" encoding="UTF-8"?>
<!-- Generated by org.testng.reporters.JUnitReportReporter -->
<testsuite hostname="DESKTOP-KMOGL3M" failures="0" tests="4" name="storage.StoragePageTests" time="23.149" errors="0" timestamp="2025-01-21T11:39:12 IST" skipped="0">
  <testcase classname="storage.StoragePageTests" name="CertAndLogin" time="9.321"/>
  <testcase classname="storage.StoragePageTests" name="TestResourceManagementOption" time="0.316"/>
  <testcase classname="storage.StoragePageTests" name="TestStorageOtion" time="2.151"/>
  <testcase classname="storage.StoragePageTests" name="TestStorageViewOption" time="11.361"/>
</testsuite> <!-- storage.StoragePageTests -->
