<?xml version="1.0" encoding="UTF-8"?>
<!-- Generated by org.testng.reporters.JUnitReportReporter -->
<testsuite hostname="DESKTOP-KMOGL3M" failures="1" tests="20" name="create.CreatePageTests" time="34.760" errors="0" timestamp="2024-12-03T15:50:58 IST" skipped="0">
  <testcase classname="create.CreatePageTests" name="CertAndLogin" time="15.270"/>
  <testcase classname="create.CreatePageTests" name="ClickOnCreateReource" time="3.062"/>
  <testcase classname="create.CreatePageTests" name="TestLocationDropdown" time="0.508"/>
  <testcase classname="create.CreatePageTests" name="TestProjectNameDropdown" time="0.632"/>
  <testcase classname="create.CreatePageTests" name="TestStoragePathDropdown" time="1.936"/>
  <testcase classname="create.CreatePageTests" name="TestOSDropdown" time="1.076"/>
  <testcase classname="create.CreatePageTests" name="TestIOPSDropdown" time="0.444"/>
  <testcase classname="create.CreatePageTests" name="TestHorizontalSwitchOn" time="0.104"/>
  <testcase classname="create.CreatePageTests" name="TestLowerThreshold" time="0.296"/>
  <testcase classname="create.CreatePageTests" name="TestUpperThreshold" time="0.306"/>
  <testcase classname="create.CreatePageTests" name="TestVcpuForHorizontalScaling" time="2.011"/>
  <testcase classname="create.CreatePageTests" name="TestRAMForhorizontalScaling" time="1.229"/>
  <testcase classname="create.CreatePageTests" name="TestDiskForHorizontalScaling" time="3.677"/>
  <testcase classname="create.CreatePageTests" name="TestLoadBalancerOn" time="0.541"/>
  <testcase classname="create.CreatePageTests" name="TestTemplateCheckBoxChecked" time="0.584"/>
  <testcase classname="create.CreatePageTests" name="TestMaxGroupCount" time="1.314"/>
  <testcase classname="create.CreatePageTests" name="TestVMBackupSwitchOff" time="0.620"/>
  <testcase classname="create.CreatePageTests" name="TestVMBackupSwitchOn" time="0.604"/>
  <testcase classname="create.CreatePageTests" name="TestBackUpFrequencyDropdown" time="0.313"/>
  <testcase classname="create.CreatePageTests" name="TestRetentionPeriodDropdown" time="0.233">
    <failure message="Given Value 6 weeks is not available in the dropdown expected [true] but found [false]" type="java.lang.AssertionError">
      <![CDATA[java.lang.AssertionError: Given Value 6 weeks is not available in the dropdown expected [true] but found [false]
at org.testng.Assert.fail(Assert.java:111)
at org.testng.Assert.failNotEquals(Assert.java:1578)
at org.testng.Assert.assertTrue(Assert.java:57)
at create.CreatePageTests.TestRetentionPeriodDropdown(CreatePageTests.java:610)
at java.base/jdk.internal.reflect.NativeMethodAccessorImpl.invoke0(Native Method)
at java.base/jdk.internal.reflect.NativeMethodAccessorImpl.invoke(NativeMethodAccessorImpl.java:77)
at java.base/jdk.internal.reflect.DelegatingMethodAccessorImpl.invoke(DelegatingMethodAccessorImpl.java:43)
at java.base/java.lang.reflect.Method.invoke(Method.java:569)
at org.testng.internal.invokers.MethodInvocationHelper.invokeMethod(MethodInvocationHelper.java:141)
at org.testng.internal.invokers.TestInvoker.invokeMethod(TestInvoker.java:686)
at org.testng.internal.invokers.TestInvoker.invokeTestMethod(TestInvoker.java:230)
at org.testng.internal.invokers.MethodRunner.runInSequence(MethodRunner.java:63)
at org.testng.internal.invokers.TestInvoker$MethodInvocationAgent.invoke(TestInvoker.java:992)
at org.testng.internal.invokers.TestInvoker.invokeTestMethods(TestInvoker.java:203)
at org.testng.internal.invokers.TestMethodWorker.invokeTestMethods(TestMethodWorker.java:154)
at org.testng.internal.invokers.TestMethodWorker.run(TestMethodWorker.java:134)
at java.base/java.util.ArrayList.forEach(ArrayList.java:1511)
at org.testng.TestRunner.privateRun(TestRunner.java:739)
at org.testng.TestRunner.run(TestRunner.java:614)
at org.testng.SuiteRunner.runTest(SuiteRunner.java:421)
at org.testng.SuiteRunner.runSequentially(SuiteRunner.java:413)
at org.testng.SuiteRunner.privateRun(SuiteRunner.java:373)
at org.testng.SuiteRunner.run(SuiteRunner.java:312)
at org.testng.SuiteRunnerWorker.runSuite(SuiteRunnerWorker.java:52)
at org.testng.SuiteRunnerWorker.run(SuiteRunnerWorker.java:95)
at org.testng.TestNG.runSuitesSequentially(TestNG.java:1274)
at org.testng.TestNG.runSuitesLocally(TestNG.java:1208)
at org.testng.TestNG.runSuites(TestNG.java:1112)
at org.testng.TestNG.run(TestNG.java:1079)
at org.testng.remote.AbstractRemoteTestNG.run(AbstractRemoteTestNG.java:115)
at org.testng.remote.RemoteTestNG.initAndRun(RemoteTestNG.java:293)
at org.testng.remote.RemoteTestNG.main(RemoteTestNG.java:91)
]]>
    </failure>
  </testcase> <!-- TestRetentionPeriodDropdown -->
</testsuite> <!-- create.CreatePageTests -->
