<?xml version="1.0" encoding="UTF-8"?>
<!-- Generated by org.testng.reporters.JUnitReportReporter -->
<testsuite hostname="DESKTOP-KMOGL3M" failures="0" tests="1" name="setUpAndTearDown.SetAndDown" time="5.712" errors="0" timestamp="2024-12-03T15:50:58 IST" skipped="0">
  <testcase classname="setUpAndTearDown.SetAndDown" name="TestOpenLoginPage" time="5.712"/>
</testsuite> <!-- setUpAndTearDown.SetAndDown -->
