<?xml version="1.0" encoding="UTF-8"?>
<!-- Generated by org.testng.reporters.JUnitReportReporter -->
<testsuite hostname="DESKTOP-KMOGL3M" failures="0" tests="1" name="Login.LoginPageTests" time="4.593" errors="0" timestamp="2024-11-26T14:55:40 IST" skipped="0">
  <testcase classname="Login.LoginPageTests" name="LoginWithValidCredentails" time="4.593"/>
</testsuite> <!-- Login.LoginPageTests -->
