<?xml version="1.0" encoding="UTF-8"?>
<!-- Generated by org.testng.reporters.JUnitReportReporter -->
<testsuite hostname="DESKTOP-KMOGL3M" failures="0" tests="3" name="utility.UtilityPageTests" time="8.940" errors="0" timestamp="2025-01-23T15:16:47 IST" skipped="0">
  <testcase classname="utility.UtilityPageTests" name="CertAndLogin" time="6.994"/>
  <testcase classname="utility.UtilityPageTests" name="TestUtilityOption" time="0.263"/>
  <testcase classname="utility.UtilityPageTests" name="TestNetworkServicesOtion" time="1.683"/>
</testsuite> <!-- utility.UtilityPageTests -->
