<?xml version="1.0" encoding="UTF-8"?>
<!-- Generated by org.testng.reporters.JUnitReportReporter -->
<testsuite hostname="DESKTOP-KMOGL3M" failures="0" tests="1" name="setUpAndTearDown.SetAndDown" time="3.692" errors="0" timestamp="2024-11-27T18:54:54 IST" skipped="0">
  <testcase classname="setUpAndTearDown.SetAndDown" name="TestOpenLoginPage" time="3.692"/>
</testsuite> <!-- setUpAndTearDown.SetAndDown -->
