<?xml version="1.0" encoding="UTF-8"?>
<!-- Generated by org.testng.reporters.JUnitReportReporter -->
<testsuite hostname="DESKTOP-KMOGL3M" failures="0" tests="2" name="createResource.CreateResourcePageTests" time="5.513" errors="0" timestamp="2024-11-29T15:06:51 IST" skipped="0">
  <testcase classname="createResource.CreateResourcePageTests" name="CertAndLogin" time="5.153"/>
  <testcase classname="createResource.CreateResourcePageTests" name="TestSearchIconWithPartialResourceNameInTheList" time="0.360"/>
</testsuite> <!-- createResource.CreateResourcePageTests -->
