<?xml version="1.0" encoding="UTF-8"?>
<!-- Generated by org.testng.reporters.JUnitReportReporter -->
<testsuite hostname="DESKTOP-KMOGL3M" failures="0" tests="2" name="createResource.CreateResourcePageTests" time="209.822" errors="0" timestamp="2024-12-10T16:30:02 IST" skipped="0">
  <testcase classname="createResource.CreateResourcePageTests" name="CertAndLogin" time="3.895"/>
  <testcase classname="createResource.CreateResourcePageTests" name="TestViewReource" time="205.927"/>
</testsuite> <!-- createResource.CreateResourcePageTests -->
