<?xml version="1.0" encoding="UTF-8"?>
<!-- Generated by org.testng.reporters.JUnitReportReporter -->
<testsuite hostname="DESKTOP-KMOGL3M" failures="2" tests="32" name="create.CreatePageTests" time="2167.580" errors="0" timestamp="2024-12-11T15:55:07 IST" skipped="0">
  <testcase classname="create.CreatePageTests" name="CertAndLogin" time="2.799"/>
  <testcase classname="create.CreatePageTests" name="ClickOnCreateReource" time="2.079"/>
  <testcase classname="create.CreatePageTests" name="TestLocationDropdown" time="0.715"/>
  <testcase classname="create.CreatePageTests" name="TestProjectNameDropdown" time="0.875"/>
  <testcase classname="create.CreatePageTests" name="TestStoragePathDropdown" time="0.719"/>
  <testcase classname="create.CreatePageTests" name="TestOSDropdown" time="0.864"/>
  <testcase classname="create.CreatePageTests" name="TestIOPSDropdown" time="0.341"/>
  <testcase classname="create.CreatePageTests" name="TestVerticalSwitchOn" time="0.082"/>
  <testcase classname="create.CreatePageTests" name="TestLowerThreshold" time="0.279"/>
  <testcase classname="create.CreatePageTests" name="TestUpperThreshold" time="0.321"/>
  <testcase classname="create.CreatePageTests" name="TestmaxVcpuOfVerticalScaling" time="0.257"/>
  <testcase classname="create.CreatePageTests" name="TestMinVcpuOfVerticalScaling" time="0.043"/>
  <testcase classname="create.CreatePageTests" name="TestmaxRAMOfVerticalScaling" time="0.149"/>
  <testcase classname="create.CreatePageTests" name="TestMinRAMOfVerticalScaling" time="0.045"/>
  <testcase classname="create.CreatePageTests" name="TestDiskForVerticalScaling" time="1.007"/>
  <testcase classname="create.CreatePageTests" name="TestVMBackupSwitchOn" time="0.564"/>
  <testcase classname="create.CreatePageTests" name="TestBackUpFrequencyDropdown" time="0.298"/>
  <testcase classname="create.CreatePageTests" name="TestRetentionPeriodDropdown" time="0.304"/>
  <testcase classname="create.CreatePageTests" name="TestSIEMSwitchOn" time="0.582"/>
  <testcase classname="create.CreatePageTests" name="TestSIEMDropdown" time="0.224"/>
  <testcase classname="create.CreatePageTests" name="TestVLANDropdown" time="1.432"/>
  <testcase classname="create.CreatePageTests" name="TestNumberOfVM" time="1.059"/>
  <testcase classname="create.CreatePageTests" name="TestVMNameTextBoxForVertical" time="1.469"/>
  <testcase classname="create.CreatePageTests" name="TestAssignRemoteUserButton" time="3.667"/>
  <testcase classname="create.CreatePageTests" name="TestAssignRemoteUserModal" time="0.457"/>
  <testcase classname="create.CreatePageTests" name="TestAssignRemoteUserModal" time="0.238"/>
  <testcase classname="create.CreatePageTests" name="TestAssignRemoteUserModal" time="0.432"/>
  <testcase classname="create.CreatePageTests" name="TestSaveRolesButtonInAssignRolesModal" time="0.039"/>
  <testcase classname="create.CreatePageTests" name="TestCreateButtontocheckErrorsInTheForm" time="0.078">
    <failure message="No Errors Found expected [true] but found [false]" type="java.lang.AssertionError">
      <![CDATA[java.lang.AssertionError: No Errors Found expected [true] but found [false]
at org.testng.Assert.fail(Assert.java:111)
at org.testng.Assert.failNotEquals(Assert.java:1578)
at org.testng.Assert.assertTrue(Assert.java:57)
at create.CreatePageTests.TestCreateButtontocheckErrorsInTheForm(CreatePageTests.java:864)
at java.base/jdk.internal.reflect.NativeMethodAccessorImpl.invoke0(Native Method)
at java.base/jdk.internal.reflect.NativeMethodAccessorImpl.invoke(NativeMethodAccessorImpl.java:77)
at java.base/jdk.internal.reflect.DelegatingMethodAccessorImpl.invoke(DelegatingMethodAccessorImpl.java:43)
at java.base/java.lang.reflect.Method.invoke(Method.java:569)
at org.testng.internal.invokers.MethodInvocationHelper.invokeMethod(MethodInvocationHelper.java:141)
at org.testng.internal.invokers.TestInvoker.invokeMethod(TestInvoker.java:686)
at org.testng.internal.invokers.TestInvoker.invokeTestMethod(TestInvoker.java:230)
at org.testng.internal.invokers.MethodRunner.runInSequence(MethodRunner.java:63)
at org.testng.internal.invokers.TestInvoker$MethodInvocationAgent.invoke(TestInvoker.java:992)
at org.testng.internal.invokers.TestInvoker.invokeTestMethods(TestInvoker.java:203)
at org.testng.internal.invokers.TestMethodWorker.invokeTestMethods(TestMethodWorker.java:154)
at org.testng.internal.invokers.TestMethodWorker.run(TestMethodWorker.java:134)
at java.base/java.util.ArrayList.forEach(ArrayList.java:1511)
at org.testng.TestRunner.privateRun(TestRunner.java:739)
at org.testng.TestRunner.run(TestRunner.java:614)
at org.testng.SuiteRunner.runTest(SuiteRunner.java:421)
at org.testng.SuiteRunner.runSequentially(SuiteRunner.java:413)
at org.testng.SuiteRunner.privateRun(SuiteRunner.java:373)
at org.testng.SuiteRunner.run(SuiteRunner.java:312)
at org.testng.SuiteRunnerWorker.runSuite(SuiteRunnerWorker.java:52)
at org.testng.SuiteRunnerWorker.run(SuiteRunnerWorker.java:95)
at org.testng.TestNG.runSuitesSequentially(TestNG.java:1274)
at org.testng.TestNG.runSuitesLocally(TestNG.java:1208)
at org.testng.TestNG.runSuites(TestNG.java:1112)
at org.testng.TestNG.run(TestNG.java:1079)
at org.testng.remote.AbstractRemoteTestNG.run(AbstractRemoteTestNG.java:115)
at org.testng.remote.RemoteTestNG.initAndRun(RemoteTestNG.java:293)
at org.testng.remote.RemoteTestNG.main(RemoteTestNG.java:91)
]]>
    </failure>
  </testcase> <!-- TestCreateButtontocheckErrorsInTheForm -->
  <testcase classname="create.CreatePageTests" name="TestCreateButtontocheckErrorsAfterSubmit" time="5.459">
    <failure message="expected [true] but found [false]" type="java.lang.AssertionError">
      <![CDATA[java.lang.AssertionError: expected [true] but found [false]
at org.testng.Assert.fail(Assert.java:111)
at org.testng.Assert.failNotEquals(Assert.java:1578)
at org.testng.Assert.assertTrue(Assert.java:57)
at org.testng.Assert.assertTrue(Assert.java:67)
at create.CreatePageTests.TestCreateButtontocheckErrorsAfterSubmit(CreatePageTests.java:882)
at java.base/jdk.internal.reflect.NativeMethodAccessorImpl.invoke0(Native Method)
at java.base/jdk.internal.reflect.NativeMethodAccessorImpl.invoke(NativeMethodAccessorImpl.java:77)
at java.base/jdk.internal.reflect.DelegatingMethodAccessorImpl.invoke(DelegatingMethodAccessorImpl.java:43)
at java.base/java.lang.reflect.Method.invoke(Method.java:569)
at org.testng.internal.invokers.MethodInvocationHelper.invokeMethod(MethodInvocationHelper.java:141)
at org.testng.internal.invokers.TestInvoker.invokeMethod(TestInvoker.java:686)
at org.testng.internal.invokers.TestInvoker.invokeTestMethod(TestInvoker.java:230)
at org.testng.internal.invokers.MethodRunner.runInSequence(MethodRunner.java:63)
at org.testng.internal.invokers.TestInvoker$MethodInvocationAgent.invoke(TestInvoker.java:992)
at org.testng.internal.invokers.TestInvoker.invokeTestMethods(TestInvoker.java:203)
at org.testng.internal.invokers.TestMethodWorker.invokeTestMethods(TestMethodWorker.java:154)
at org.testng.internal.invokers.TestMethodWorker.run(TestMethodWorker.java:134)
at java.base/java.util.ArrayList.forEach(ArrayList.java:1511)
at org.testng.TestRunner.privateRun(TestRunner.java:739)
at org.testng.TestRunner.run(TestRunner.java:614)
at org.testng.SuiteRunner.runTest(SuiteRunner.java:421)
at org.testng.SuiteRunner.runSequentially(SuiteRunner.java:413)
at org.testng.SuiteRunner.privateRun(SuiteRunner.java:373)
at org.testng.SuiteRunner.run(SuiteRunner.java:312)
at org.testng.SuiteRunnerWorker.runSuite(SuiteRunnerWorker.java:52)
at org.testng.SuiteRunnerWorker.run(SuiteRunnerWorker.java:95)
at org.testng.TestNG.runSuitesSequentially(TestNG.java:1274)
at org.testng.TestNG.runSuitesLocally(TestNG.java:1208)
at org.testng.TestNG.runSuites(TestNG.java:1112)
at org.testng.TestNG.run(TestNG.java:1079)
at org.testng.remote.AbstractRemoteTestNG.run(AbstractRemoteTestNG.java:115)
at org.testng.remote.RemoteTestNG.initAndRun(RemoteTestNG.java:293)
at org.testng.remote.RemoteTestNG.main(RemoteTestNG.java:91)
]]>
    </failure>
  </testcase> <!-- TestCreateButtontocheckErrorsAfterSubmit -->
  <testcase classname="create.CreatePageTests" name="TestCreateButtontocheckSuccessMessageAfterSubmit" time="0.110"/>
  <testcase classname="create.CreatePageTests" name="TestIPAddress" time="2140.593"/>
</testsuite> <!-- create.CreatePageTests -->
