<?xml version="1.0" encoding="UTF-8"?>
<!-- Generated by org.testng.reporters.JUnitReportReporter -->
<testsuite hostname="DESKTOP-KMOGL3M" failures="0" tests="1" name="setUpAndTearDown.SetAndDown" time="20.959" errors="0" timestamp="2025-01-29T14:36:44 IST" skipped="0">
  <testcase classname="setUpAndTearDown.SetAndDown" name="TestOpenLoginPage" time="20.959"/>
</testsuite> <!-- setUpAndTearDown.SetAndDown -->
