<?xml version="1.0" encoding="UTF-8"?>
<!-- Generated by org.testng.reporters.JUnitReportReporter -->
<testsuite hostname="DESKTOP-KMOGL3M" failures="1" tests="15" name="allLoginTests.ExecuteAllLoginTestAtOnce" time="162.502" errors="0" timestamp="2024-11-29T15:09:53 IST" skipped="0">
  <testcase classname="allLoginTests.ExecuteAllLoginTestAtOnce" name="TestValidUserName" time="11.979"/>
  <testcase classname="allLoginTests.ExecuteAllLoginTestAtOnce" name="TestEmptyUserName" time="9.944"/>
  <testcase classname="allLoginTests.ExecuteAllLoginTestAtOnce" name="TestValidPassword" time="9.572"/>
  <testcase classname="allLoginTests.ExecuteAllLoginTestAtOnce" name="TestEmptyPassword" time="9.507"/>
  <testcase classname="allLoginTests.ExecuteAllLoginTestAtOnce" name="TestLoginWithInValidCredentails" time="10.004"/>
  <testcase classname="allLoginTests.ExecuteAllLoginTestAtOnce" name="TestLoginWithValidCredentails" time="12.779"/>
  <testcase classname="allLoginTests.ExecuteAllLoginTestAtOnce" name="TestLoginWithInvalidCredentialsUsingRightCaptcha" time="10.934"/>
  <testcase classname="allLoginTests.ExecuteAllLoginTestAtOnce" name="TestLoginWithvalidCredentialsUsingRightCaptcha" time="11.501">
    <failure message="expected [Services] but found [IPM+ Cloud]" type="java.lang.AssertionError">
      <![CDATA[java.lang.AssertionError: expected [Services] but found [IPM+ Cloud]
at org.testng.Assert.fail(Assert.java:111)
at org.testng.Assert.failNotEquals(Assert.java:1578)
at org.testng.Assert.assertEqualsImpl(Assert.java:150)
at org.testng.Assert.assertEquals(Assert.java:132)
at org.testng.Assert.assertEquals(Assert.java:656)
at org.testng.Assert.assertEquals(Assert.java:666)
at Login.LoginPageTests.TestLoginWithvalidCredentialsUsingRightCaptcha(LoginPageTests.java:122)
at allLoginTests.ExecuteAllLoginTestAtOnce.TestLoginWithvalidCredentialsUsingRightCaptcha(ExecuteAllLoginTestAtOnce.java:79)
at java.base/jdk.internal.reflect.NativeMethodAccessorImpl.invoke0(Native Method)
at java.base/jdk.internal.reflect.NativeMethodAccessorImpl.invoke(NativeMethodAccessorImpl.java:77)
at java.base/jdk.internal.reflect.DelegatingMethodAccessorImpl.invoke(DelegatingMethodAccessorImpl.java:43)
at java.base/java.lang.reflect.Method.invoke(Method.java:569)
at org.testng.internal.invokers.MethodInvocationHelper.invokeMethod(MethodInvocationHelper.java:141)
at org.testng.internal.invokers.TestInvoker.invokeMethod(TestInvoker.java:686)
at org.testng.internal.invokers.TestInvoker.invokeTestMethod(TestInvoker.java:230)
at org.testng.internal.invokers.MethodRunner.runInSequence(MethodRunner.java:63)
at org.testng.internal.invokers.TestInvoker$MethodInvocationAgent.invoke(TestInvoker.java:992)
at org.testng.internal.invokers.TestInvoker.invokeTestMethods(TestInvoker.java:203)
at org.testng.internal.invokers.TestMethodWorker.invokeTestMethods(TestMethodWorker.java:154)
at org.testng.internal.invokers.TestMethodWorker.run(TestMethodWorker.java:134)
at java.base/java.util.ArrayList.forEach(ArrayList.java:1511)
at org.testng.TestRunner.privateRun(TestRunner.java:739)
at org.testng.TestRunner.run(TestRunner.java:614)
at org.testng.SuiteRunner.runTest(SuiteRunner.java:421)
at org.testng.SuiteRunner.runSequentially(SuiteRunner.java:413)
at org.testng.SuiteRunner.privateRun(SuiteRunner.java:373)
at org.testng.SuiteRunner.run(SuiteRunner.java:312)
at org.testng.SuiteRunnerWorker.runSuite(SuiteRunnerWorker.java:52)
at org.testng.SuiteRunnerWorker.run(SuiteRunnerWorker.java:95)
at org.testng.TestNG.runSuitesSequentially(TestNG.java:1274)
at org.testng.TestNG.runSuitesLocally(TestNG.java:1208)
at org.testng.TestNG.runSuites(TestNG.java:1112)
at org.testng.TestNG.run(TestNG.java:1079)
at org.testng.remote.AbstractRemoteTestNG.run(AbstractRemoteTestNG.java:115)
at org.testng.remote.RemoteTestNG.initAndRun(RemoteTestNG.java:293)
at org.testng.remote.RemoteTestNG.main(RemoteTestNG.java:91)
]]>
    </failure>
  </testcase> <!-- TestLoginWithvalidCredentialsUsingRightCaptcha -->
  <testcase classname="allLoginTests.ExecuteAllLoginTestAtOnce" name="TestLoginWithvalidCredentialsUsingWrongCaptcha" time="11.823"/>
  <testcase classname="allLoginTests.ExecuteAllLoginTestAtOnce" name="TestTermsOfServiceCheckBox" time="8.696"/>
  <testcase classname="allLoginTests.ExecuteAllLoginTestAtOnce" name="TestForgotPasswordLink" time="9.680"/>
  <testcase classname="allLoginTests.ExecuteAllLoginTestAtOnce" name="TestPasswordResetUsingEmptyEmail" time="11.580"/>
  <testcase classname="allLoginTests.ExecuteAllLoginTestAtOnce" name="TestPasswordResetUsingWrongEmail" time="9.997"/>
  <testcase classname="allLoginTests.ExecuteAllLoginTestAtOnce" name="TestPasswordResetUsingRightEmail" time="14.362"/>
  <testcase classname="allLoginTests.ExecuteAllLoginTestAtOnce" name="TestPasswordResetCancelButton" time="10.144"/>
</testsuite> <!-- allLoginTests.ExecuteAllLoginTestAtOnce -->
