<?xml version="1.0" encoding="UTF-8"?>
<!-- Generated by org.testng.reporters.JUnitReportReporter -->
<testsuite hostname="DESKTOP-KMOGL3M" failures="0" tests="7" name="storage.StoragePageTests" time="40.104" errors="0" timestamp="2025-01-15T18:33:14 IST" skipped="0">
  <testcase classname="storage.StoragePageTests" name="CertAndLogin" time="22.037"/>
  <testcase classname="storage.StoragePageTests" name="TestResourceManagementOption" time="0.291"/>
  <testcase classname="storage.StoragePageTests" name="TestStorageOtion" time="9.567"/>
  <testcase classname="storage.StoragePageTests" name="TestAddNewStorageButton" time="1.481"/>
  <testcase classname="storage.StoragePageTests" name="TestZoneDropdown" time="0.374"/>
  <testcase classname="storage.StoragePageTests" name="TestLinuxOrWindowsRadioButton" time="1.063"/>
  <testcase classname="storage.StoragePageTests" name="TestTypeDropdown" time="5.291"/>
</testsuite> <!-- storage.StoragePageTests -->
