<?xml version="1.0" encoding="UTF-8"?>
<!-- Generated by org.testng.reporters.JUnitReportReporter -->
<testsuite hostname="DESKTOP-KMOGL3M" failures="0" tests="2" name="createResource.CreateResourcePageTests" time="7.482" errors="0" timestamp="2024-12-06T13:39:01 IST" skipped="0">
  <testcase classname="createResource.CreateResourcePageTests" name="CertAndLogin" time="3.455"/>
  <testcase classname="createResource.CreateResourcePageTests" name="TestViewReource" time="4.027"/>
</testsuite> <!-- createResource.CreateResourcePageTests -->
