<?xml version="1.0" encoding="UTF-8"?>
<!-- Generated by org.testng.reporters.JUnitReportReporter -->
<testsuite hostname="DESKTOP-KMOGL3M" failures="0" tests="4" name="storage.StoragePageTests" time="50.142" errors="0" timestamp="2025-01-16T18:26:30 IST" skipped="0">
  <testcase classname="storage.StoragePageTests" name="CertAndLogin" time="37.707"/>
  <testcase classname="storage.StoragePageTests" name="TestResourceManagementOption" time="0.290"/>
  <testcase classname="storage.StoragePageTests" name="TestStorageOtion" time="8.426"/>
  <testcase classname="storage.StoragePageTests" name="TestStorageViewOption" time="3.719"/>
</testsuite> <!-- storage.StoragePageTests -->
