<?xml version="1.0" encoding="UTF-8"?>
<!-- Generated by org.testng.reporters.JUnitReportReporter -->
<testsuite hostname="DESKTOP-KMOGL3M" failures="0" tests="1" name="setUpAndTearDown.SetAndDown" time="5.207" errors="0" timestamp="2025-01-16T18:26:30 IST" skipped="0">
  <testcase classname="setUpAndTearDown.SetAndDown" name="TestOpenLoginPage" time="5.207"/>
</testsuite> <!-- setUpAndTearDown.SetAndDown -->
