<?xml version="1.0" encoding="UTF-8"?>
<!-- Generated by org.testng.reporters.JUnitReportReporter -->
<testsuite hostname="DESKTOP-KMOGL3M" failures="0" tests="15" name="allLoginTests.ExecuteAllLoginTestAtOnce" time="98.665" errors="0" timestamp="2024-11-27T19:14:42 IST" skipped="0">
  <testcase classname="allLoginTests.ExecuteAllLoginTestAtOnce" name="TestValidUserName" time="6.255"/>
  <testcase classname="allLoginTests.ExecuteAllLoginTestAtOnce" name="TestEmptyUserName" time="5.328"/>
  <testcase classname="allLoginTests.ExecuteAllLoginTestAtOnce" name="TestValidPassword" time="5.470"/>
  <testcase classname="allLoginTests.ExecuteAllLoginTestAtOnce" name="TestEmptyPassword" time="5.366"/>
  <testcase classname="allLoginTests.ExecuteAllLoginTestAtOnce" name="TestLoginWithInValidCredentails" time="7.598"/>
  <testcase classname="allLoginTests.ExecuteAllLoginTestAtOnce" name="TestLoginWithValidCredentails" time="8.176"/>
  <testcase classname="allLoginTests.ExecuteAllLoginTestAtOnce" name="TestLoginWithInvalidCredentialsUsingRightCaptcha" time="7.439"/>
  <testcase classname="allLoginTests.ExecuteAllLoginTestAtOnce" name="TestLoginWithvalidCredentialsUsingRightCaptcha" time="8.046"/>
  <testcase classname="allLoginTests.ExecuteAllLoginTestAtOnce" name="TestLoginWithvalidCredentialsUsingWrongCaptcha" time="7.700"/>
  <testcase classname="allLoginTests.ExecuteAllLoginTestAtOnce" name="TestTermsOfServiceCheckBox" time="4.940"/>
  <testcase classname="allLoginTests.ExecuteAllLoginTestAtOnce" name="TestForgotPasswordLink" time="5.316"/>
  <testcase classname="allLoginTests.ExecuteAllLoginTestAtOnce" name="TestPasswordResetUsingEmptyEmail" time="5.314"/>
  <testcase classname="allLoginTests.ExecuteAllLoginTestAtOnce" name="TestPasswordResetUsingWrongEmail" time="6.119"/>
  <testcase classname="allLoginTests.ExecuteAllLoginTestAtOnce" name="TestPasswordResetUsingRightEmail" time="9.997"/>
  <testcase classname="allLoginTests.ExecuteAllLoginTestAtOnce" name="TestPasswordResetCancelButton" time="5.601"/>
</testsuite> <!-- allLoginTests.ExecuteAllLoginTestAtOnce -->
