<?xml version="1.0" encoding="UTF-8"?>
<!-- Generated by org.testng.reporters.JUnitReportReporter -->
<testsuite hostname="DESKTOP-KMOGL3M" failures="0" tests="1" name="Login.LoginPageTests" time="1.655" errors="0" timestamp="2024-11-25T18:12:51 IST" skipped="0">
  <testcase classname="Login.LoginPageTests" name="LoginWithInValidCredentails" time="1.655"/>
</testsuite> <!-- Login.LoginPageTests -->
